#
# A fatal error has been detected by the Java Runtime Environment:
#
#  EXCEPTION_ACCESS_VIOLATION (0xc0000005) at pc=0x00000000542ef99e, pid=7492, tid=0x0000000000002278
#
# JRE version: OpenJDK Runtime Environment (8.0_242-b01) (build 1.8.0_242-release-1644-b01)
# Java VM: OpenJDK 64-Bit Server VM (25.242-b01 mixed mode windows-amd64 compressed oops)
# Problematic frame:
# V  [jvm.dll+0xef99e]
#
# Failed to write core dump. Minidumps are not enabled by default on client versions of Windows
#
# If you would like to submit a bug report, please visit:
#   
#

---------------  T H R E A D  ---------------

Current thread (0x0000000002c38800):  GCTaskThread [stack: 0x00000000128a0000,0x00000000129a0000] [id=8824]

siginfo: ExceptionCode=0xc0000005, reading address 0x00000138af8348e8

Registers:
RAX=0x00000138af834800, RBX=0x0000000088ee7010, RCX=0x0000000003280318, RDX=0x0000000088ee7010
RSP=0x000000001299f8f0, RBP=0x000000008d156f08, RSI=0x0000000002d0c5b0, RDI=0x0000000002d0c5b0
R8 =0x0000000003280318, R9 =0x00000000059be901, R10=0x000000000000000c, R11=0x00000000547cfa28
R12=0x000000008d156f14, R13=0x000000010001ba80, R14=0x000000010001ba88, R15=0x000000008d156ef8
RIP=0x00000000542ef99e, EFLAGS=0x0000000000010202

Top of Stack: (sp=0x000000001299f8f0)
0x000000001299f8f0:   000000010001b868 000000008d156e9c
0x000000001299f900:   0000000002d0c5b0 00000000543f9622
0x000000001299f910:   0000000000000000 0000000002c38fd0
0x000000001299f920:   0000000002c2dad0 0000000000000001
0x000000001299f930:   0000000000004ab9 00000000545c9af0
0x000000001299f940:   0000000002d0c5b0 0000000000000000
0x000000001299f950:   0000000002d0c5b0 000000005481c4d8
0x000000001299f960:   000000008d156e68 00000000545cd9d8
0x000000001299f970:   00000000549cf030 0000000000000002
0x000000001299f980:   0000000000000000 0000b4cd00000f98
0x000000001299f990:   000000008d156e64 00000000542ef9d6
0x000000001299f9a0:   000000008d156e68 0000000002c2dad0
0x000000001299f9b0:   0000000002c38fe0 0000000002c38fd0
0x000000001299f9c0:   000000005481c4d8 0000000000000001
0x000000001299f9d0:   000000001d91d740 0000000000000000
0x000000001299f9e0:   0000000002d0c5b0 00000000545c73ef 

Instructions: (pc=0x00000000542ef99e)
0x00000000542ef97e:   48 ff c8 4c 8d 0c 10 48 f7 d0 49 c1 e9 03 48 c1
0x00000000542ef98e:   e8 03 44 23 c8 eb 12 49 8b 00 48 8b d3 49 8b c8
0x00000000542ef99e:   ff 90 e8 00 00 00 44 8b c8 49 63 f1 48 8d 0d 7f
0x00000000542ef9ae:   f6 6d 00 48 8b d3 4c 8b c6 e8 e4 66 2d 00 84 c0 


Register to memory mapping:

RAX=0x00000138af834800 is an unknown value
RBX=0x0000000088ee7010 is pointing into object: 0x0000000088ee6fc8
[C 
 - klass: {type array char}
 - length: 49
RCX=0x0000000003280318 is at entry_point+2136 in (nmethod*)0x000000000327f850
RDX=0x0000000088ee7010 is pointing into object: 0x0000000088ee6fc8
[C 
 - klass: {type array char}
 - length: 49
RSP=0x000000001299f8f0 is an unknown value
RBP=0x000000008d156f08 is pointing into object: 0x000000008d156ef8
java.util.HashMap$Node 
 - klass: 'java/util/HashMap$Node'
RSI=0x0000000002d0c5b0 is an unknown value
RDI=0x0000000002d0c5b0 is an unknown value
R8 =0x0000000003280318 is at entry_point+2136 in (nmethod*)0x000000000327f850
R9 =0x00000000059be901 is at entry_point+97 in (nmethod*)0x00000000059be450
R10=0x000000000000000c is an unknown value
R11=0x00000000547cfa28 is an unknown value
R12=0x000000008d156f14 is pointing into object: 0x000000008d156ef8
java.util.HashMap$Node 
 - klass: 'java/util/HashMap$Node'
R13=0x000000010001ba80 is pointing into metadata
R14=0x000000010001ba88 is pointing into metadata
R15=0x000000008d156ef8 is an oop
java.util.HashMap$Node 
 - klass: 'java/util/HashMap$Node'


Stack: [0x00000000128a0000,0x00000000129a0000],  sp=0x000000001299f8f0,  free space=1022k
Native frames: (J=compiled Java code, j=interpreted, Vv=VM code, C=native code)
V  [jvm.dll+0xef99e]
V  [jvm.dll+0x3c9af0]
V  [jvm.dll+0x3c73ef]
V  [jvm.dll+0x3c482e]
V  [jvm.dll+0x27276a]
C  [msvcr100.dll+0x21d9f]
C  [msvcr100.dll+0x21e3b]
C  [KERNEL32.DLL+0x17c24]
C  [ntdll.dll+0x6d721]


---------------  P R O C E S S  ---------------

Java Threads: ( => current thread )
  0x000000003654b000 JavaThread "Cache worker for Java compile cache (D:\Aksha_data\MypakDriver\.gradle\6.5\javaCompile)" [_thread_blocked, id=3244, stack(0x0000000044480000,0x0000000044580000)]
  0x000000003654a800 JavaThread "Cache worker for execution history cache (D:\Aksha_data\MypakDriver\.gradle\6.5\executionHistory)" [_thread_blocked, id=6772, stack(0x0000000045480000,0x0000000045580000)]
  0x0000000036549800 JavaThread "Execution worker for ':' Thread 3" [_thread_blocked, id=6616, stack(0x0000000044150000,0x0000000044250000)]
  0x000000003654c800 JavaThread "Execution worker for ':' Thread 2" [_thread_blocked, id=7080, stack(0x0000000044050000,0x0000000044150000)]
  0x0000000036549000 JavaThread "Execution worker for ':'" [_thread_blocked, id=7556, stack(0x0000000043f50000,0x0000000044050000)]
  0x000000003653f800 JavaThread "Cache worker for file content cache (D:\Aksha_data\MypakDriver\.gradle\6.5\fileContent)" [_thread_blocked, id=1664, stack(0x0000000043e50000,0x0000000043f50000)]
  0x000000003653f000 JavaThread "Cache worker for Build Output Cleanup Cache (D:\Aksha_data\MypakDriver\.gradle\buildOutputCleanup)" [_thread_blocked, id=8880, stack(0x0000000043d50000,0x0000000043e50000)]
  0x0000000036546000 JavaThread "jar transforms Thread 900" [_thread_blocked, id=2648, stack(0x0000000043c50000,0x0000000043d50000)]
  0x0000000036543800 JavaThread "jar transforms Thread 899" [_thread_blocked, id=924, stack(0x0000000043b50000,0x0000000043c50000)]
  0x0000000036544000 JavaThread "jar transforms Thread 898" [_thread_blocked, id=2692, stack(0x0000000043a50000,0x0000000043b50000)]
  0x0000000036542800 JavaThread "jar transforms Thread 897" [_thread_blocked, id=4996, stack(0x0000000043950000,0x0000000043a50000)]
  0x000000001f137800 JavaThread "jar transforms Thread 896" [_thread_blocked, id=8, stack(0x0000000043850000,0x0000000043950000)]
  0x000000001f133000 JavaThread "jar transforms Thread 895" [_thread_blocked, id=6732, stack(0x0000000043750000,0x0000000043850000)]
  0x000000001f136800 JavaThread "jar transforms Thread 894" [_thread_blocked, id=3252, stack(0x0000000043650000,0x0000000043750000)]
  0x000000001f136000 JavaThread "jar transforms Thread 893" [_thread_blocked, id=3016, stack(0x000000003f010000,0x000000003f110000)]
  0x000000001f12f000 JavaThread "jar transforms Thread 892" [_thread_blocked, id=8712, stack(0x000000003ed10000,0x000000003ee10000)]
  0x000000001f131800 JavaThread "jar transforms Thread 891" [_thread_blocked, id=8376, stack(0x000000003ec10000,0x000000003ed10000)]
  0x000000001f130800 JavaThread "jar transforms Thread 890" [_thread_blocked, id=1728, stack(0x000000003db30000,0x000000003dc30000)]
  0x000000001f135000 JavaThread "jar transforms Thread 889" [_thread_blocked, id=3492, stack(0x000000003da30000,0x000000003db30000)]
  0x000000001f134800 JavaThread "jar transforms Thread 888" [_thread_blocked, id=6996, stack(0x000000003d930000,0x000000003da30000)]
  0x000000001f133800 JavaThread "jar transforms Thread 887" [_thread_blocked, id=1716, stack(0x000000003d830000,0x000000003d930000)]
  0x000000001f130000 JavaThread "jar transforms Thread 886" [_thread_blocked, id=2124, stack(0x000000003d730000,0x000000003d830000)]
  0x000000001f12d000 JavaThread "jar transforms Thread 885" [_thread_blocked, id=8520, stack(0x000000003d630000,0x000000003d730000)]
  0x000000001f132000 JavaThread "jar transforms Thread 884" [_thread_blocked, id=6840, stack(0x000000003d530000,0x000000003d630000)]
  0x000000001f12a000 JavaThread "jar transforms Thread 883" [_thread_blocked, id=8820, stack(0x000000003d430000,0x000000003d530000)]
  0x000000001f12d800 JavaThread "jar transforms Thread 882" [_thread_blocked, id=3580, stack(0x000000003d330000,0x000000003d430000)]
  0x000000001f129000 JavaThread "jar transforms Thread 881" [_thread_blocked, id=7516, stack(0x000000003d230000,0x000000003d330000)]
  0x0000000037729000 JavaThread "jar transforms Thread 880" [_thread_blocked, id=2780, stack(0x000000003d130000,0x000000003d230000)]
  0x0000000037728000 JavaThread "jar transforms Thread 879" [_thread_blocked, id=8772, stack(0x000000003d030000,0x000000003d130000)]
  0x0000000037727800 JavaThread "jar transforms Thread 878" [_thread_blocked, id=2096, stack(0x000000003cf30000,0x000000003d030000)]
  0x000000003772d800 JavaThread "jar transforms Thread 877" [_thread_blocked, id=8452, stack(0x000000003ce30000,0x000000003cf30000)]
  0x000000003772a800 JavaThread "jar transforms Thread 876" [_thread_blocked, id=4048, stack(0x000000003cd30000,0x000000003ce30000)]
  0x000000003772b000 JavaThread "jar transforms Thread 875" [_thread_blocked, id=4188, stack(0x000000003cb30000,0x000000003cc30000)]
  0x000000003772c800 JavaThread "jar transforms Thread 874" [_thread_blocked, id=8124, stack(0x000000003ca30000,0x000000003cb30000)]
  0x0000000037729800 JavaThread "jar transforms Thread 873" [_thread_blocked, id=2728, stack(0x000000003c930000,0x000000003ca30000)]
  0x000000003772c000 JavaThread "jar transforms Thread 872" [_thread_blocked, id=8336, stack(0x000000003c430000,0x000000003c530000)]
  0x0000000037720000 JavaThread "jar transforms Thread 871" [_thread_blocked, id=8456, stack(0x000000003c330000,0x000000003c430000)]
  0x0000000037724800 JavaThread "jar transforms Thread 870" [_thread_blocked, id=5684, stack(0x000000003c230000,0x000000003c330000)]
  0x0000000037723800 JavaThread "jar transforms Thread 869" [_thread_blocked, id=2468, stack(0x000000003bec0000,0x000000003bfc0000)]
  0x0000000037720800 JavaThread "jar transforms Thread 868" [_thread_blocked, id=788, stack(0x000000003bdc0000,0x000000003bec0000)]
  0x0000000037726800 JavaThread "jar transforms Thread 867" [_thread_blocked, id=5768, stack(0x000000003bcc0000,0x000000003bdc0000)]
  0x0000000037723000 JavaThread "jar transforms Thread 866" [_thread_blocked, id=8220, stack(0x000000003bbc0000,0x000000003bcc0000)]
  0x0000000037722000 JavaThread "jar transforms Thread 865" [_thread_blocked, id=8420, stack(0x000000003bac0000,0x000000003bbc0000)]
  0x0000000037721800 JavaThread "jar transforms Thread 864" [_thread_blocked, id=6128, stack(0x000000003b9c0000,0x000000003bac0000)]
  0x0000000037726000 JavaThread "jar transforms Thread 863" [_thread_blocked, id=5804, stack(0x000000003b8c0000,0x000000003b9c0000)]
  0x000000003771f000 JavaThread "jar transforms Thread 862" [_thread_blocked, id=2916, stack(0x000000003b7c0000,0x000000003b8c0000)]
  0x0000000019938000 JavaThread "jar transforms Thread 861" [_thread_blocked, id=2008, stack(0x000000003b6c0000,0x000000003b7c0000)]
  0x0000000019937800 JavaThread "jar transforms Thread 860" [_thread_blocked, id=7896, stack(0x000000003b5c0000,0x000000003b6c0000)]
  0x0000000019936000 JavaThread "jar transforms Thread 859" [_thread_blocked, id=1424, stack(0x0000000039430000,0x0000000039530000)]
  0x000000001992d800 JavaThread "jar transforms Thread 858" [_thread_blocked, id=6820, stack(0x0000000039330000,0x0000000039430000)]
  0x0000000019934800 JavaThread "jar transforms Thread 857" [_thread_blocked, id=7812, stack(0x0000000039230000,0x0000000039330000)]
  0x0000000019933800 JavaThread "jar transforms Thread 856" [_thread_blocked, id=7776, stack(0x0000000039130000,0x0000000039230000)]
  0x000000001992d000 JavaThread "jar transforms Thread 855" [_thread_blocked, id=7912, stack(0x0000000039030000,0x0000000039130000)]
  0x0000000019932000 JavaThread "jar transforms Thread 854" [_thread_blocked, id=2300, stack(0x0000000038f30000,0x0000000039030000)]
  0x0000000019931800 JavaThread "jar transforms Thread 853" [_thread_blocked, id=4424, stack(0x0000000038e30000,0x0000000038f30000)]
  0x0000000019933000 JavaThread "jar transforms Thread 852" [_thread_blocked, id=8892, stack(0x0000000038d30000,0x0000000038e30000)]
  0x000000001992a000 JavaThread "jar transforms Thread 851" [_thread_blocked, id=3944, stack(0x0000000034c40000,0x0000000034d40000)]
  0x0000000019930800 JavaThread "jar transforms Thread 850" [_thread_blocked, id=188, stack(0x0000000034b40000,0x0000000034c40000)]
  0x0000000019929000 JavaThread "jar transforms Thread 849" [_thread_blocked, id=6024, stack(0x0000000034a40000,0x0000000034b40000)]
  0x000000001992f000 JavaThread "jar transforms Thread 848" [_thread_blocked, id=2552, stack(0x0000000034940000,0x0000000034a40000)]
  0x0000000019930000 JavaThread "jar transforms Thread 847" [_thread_blocked, id=1932, stack(0x0000000034840000,0x0000000034940000)]
  0x000000001992c000 JavaThread "jar transforms Thread 846" [_thread_blocked, id=32, stack(0x0000000034740000,0x0000000034840000)]
  0x000000001992b800 JavaThread "jar transforms Thread 845" [_thread_blocked, id=8424, stack(0x0000000032650000,0x0000000032750000)]
  0x000000001992e800 JavaThread "jar transforms Thread 844" [_thread_blocked, id=7756, stack(0x0000000032550000,0x0000000032650000)]
  0x000000001992a800 JavaThread "jar transforms Thread 843" [_thread_blocked, id=8200, stack(0x0000000032450000,0x0000000032550000)]
  0x0000000022547800 JavaThread "jar transforms Thread 842" [_thread_blocked, id=2444, stack(0x0000000032350000,0x0000000032450000)]
  0x0000000022547000 JavaThread "jar transforms Thread 841" [_thread_blocked, id=8180, stack(0x0000000032250000,0x0000000032350000)]
  0x0000000022545800 JavaThread "jar transforms Thread 840" [_thread_blocked, id=4040, stack(0x000000002c940000,0x000000002ca40000)]
  0x0000000022544800 JavaThread "jar transforms Thread 839" [_thread_blocked, id=6008, stack(0x000000002c550000,0x000000002c650000)]
  0x0000000022544000 JavaThread "jar transforms Thread 838" [_thread_blocked, id=836, stack(0x000000002bb50000,0x000000002bc50000)]
  0x0000000022546000 JavaThread "jar transforms Thread 837" [_thread_blocked, id=6704, stack(0x000000002b850000,0x000000002b950000)]
  0x000000002254a000 JavaThread "jar transforms Thread 836" [_thread_blocked, id=7888, stack(0x000000002b550000,0x000000002b650000)]
  0x0000000022548800 JavaThread "jar transforms Thread 835" [_thread_blocked, id=9004, stack(0x000000002b050000,0x000000002b150000)]
  0x0000000022549000 JavaThread "jar transforms Thread 834" [_thread_blocked, id=4092, stack(0x000000002af50000,0x000000002b050000)]
  0x000000002253c800 JavaThread "jar transforms Thread 833" [_thread_blocked, id=3568, stack(0x000000002a9b0000,0x000000002aab0000)]
  0x0000000022543000 JavaThread "jar transforms Thread 832" [_thread_blocked, id=3912, stack(0x00000000299b0000,0x0000000029ab0000)]
  0x0000000022542800 JavaThread "jar transforms Thread 831" [_thread_blocked, id=7192, stack(0x0000000028280000,0x0000000028380000)]
  0x000000002253b800 JavaThread "jar transforms Thread 830" [_thread_blocked, id=8248, stack(0x0000000028180000,0x0000000028280000)]
  0x0000000022541000 JavaThread "jar transforms Thread 829" [_thread_blocked, id=7388, stack(0x0000000028080000,0x0000000028180000)]
  0x0000000022540000 JavaThread "jar transforms Thread 828" [_thread_blocked, id=1476, stack(0x0000000027f80000,0x0000000028080000)]
  0x000000002253f800 JavaThread "jar transforms Thread 827" [_thread_blocked, id=5904, stack(0x0000000027e80000,0x0000000027f80000)]
  0x000000002253e800 JavaThread "jar transforms Thread 826" [_thread_blocked, id=2340, stack(0x0000000027d80000,0x0000000027e80000)]
  0x000000002253b000 JavaThread "jar transforms Thread 825" [_thread_blocked, id=8604, stack(0x0000000027c80000,0x0000000027d80000)]
  0x000000002253e000 JavaThread "jar transforms Thread 824" [_thread_blocked, id=1456, stack(0x0000000027b80000,0x0000000027c80000)]
  0x000000002253d000 JavaThread "jar transforms Thread 823" [_thread_blocked, id=6688, stack(0x00000000277f0000,0x00000000278f0000)]
  0x000000002db1f800 JavaThread "jar transforms Thread 822" [_thread_blocked, id=7020, stack(0x00000000276f0000,0x00000000277f0000)]
  0x000000002db1c800 JavaThread "jar transforms Thread 821" [_thread_blocked, id=6216, stack(0x00000000275f0000,0x00000000276f0000)]
  0x000000002db1b800 JavaThread "jar transforms Thread 820" [_thread_blocked, id=4872, stack(0x00000000244c0000,0x00000000245c0000)]
  0x000000002db1b000 JavaThread "jar transforms Thread 819" [_thread_blocked, id=7800, stack(0x0000000023bc0000,0x0000000023cc0000)]
  0x000000002db1a000 JavaThread "jar transforms Thread 818" [_thread_blocked, id=212, stack(0x0000000023ac0000,0x0000000023bc0000)]
  0x000000002db18000 JavaThread "jar transforms Thread 817" [_thread_blocked, id=4640, stack(0x00000000239c0000,0x0000000023ac0000)]
  0x000000002db1e800 JavaThread "jar transforms Thread 816" [_thread_blocked, id=8852, stack(0x00000000235e0000,0x00000000236e0000)]
  0x000000002db18800 JavaThread "jar transforms Thread 815" [_thread_blocked, id=5880, stack(0x00000000231e0000,0x00000000232e0000)]
  0x000000002db1e000 JavaThread "jar transforms Thread 814" [_thread_blocked, id=6408, stack(0x0000000022ae0000,0x0000000022be0000)]
  0x000000002db19800 JavaThread "jar transforms Thread 813" [_thread_blocked, id=3180, stack(0x00000000211f0000,0x00000000212f0000)]
  0x000000002db1d000 JavaThread "jar transforms Thread 812" [_thread_blocked, id=5236, stack(0x00000000208f0000,0x00000000209f0000)]
  0x000000002db10800 JavaThread "jar transforms Thread 811" [_thread_blocked, id=7832, stack(0x00000000207f0000,0x00000000208f0000)]
  0x000000002db15800 JavaThread "Build operations Thread 4" [_thread_blocked, id=8924, stack(0x00000000206f0000,0x00000000207f0000)]
  0x000000002db15000 JavaThread "Build operations Thread 3" [_thread_blocked, id=7504, stack(0x000000001ed40000,0x000000001ee40000)]
  0x000000002db17000 JavaThread "Build operations Thread 2" [_thread_blocked, id=3004, stack(0x000000001ea80000,0x000000001eb80000)]
  0x000000002db14000 JavaThread "Build operations" [_thread_blocked, id=3940, stack(0x000000001d3b0000,0x000000001d4b0000)]
  0x000000002db11000 JavaThread "Cache worker for cache directory md-rule (C:\Users\Akash\.gradle\caches\6.5\md-rule)" [_thread_blocked, id=812, stack(0x000000001d2b0000,0x000000001d3b0000)]
  0x000000002db16800 JavaThread "Cache worker for cache directory md-supplier (C:\Users\Akash\.gradle\caches\6.5\md-supplier)" [_thread_blocked, id=1144, stack(0x000000001d1b0000,0x000000001d2b0000)]
  0x000000002db13800 JavaThread "Cache worker for checksums cache (D:\Aksha_data\MypakDriver\.gradle\checksums)" [_thread_blocked, id=3532, stack(0x000000001d0b0000,0x000000001d1b0000)]
  0x000000002db12000 JavaThread "Cache worker for file hash cache (D:\Aksha_data\MypakDriver\.gradle\6.5\fileHashes)" [_thread_blocked, id=8648, stack(0x000000001cfb0000,0x000000001d0b0000)]
  0x0000000021d4e000 JavaThread "Thread-1077" [_thread_blocked, id=8644, stack(0x000000001ccb0000,0x000000001cdb0000)]
  0x0000000021d4d800 JavaThread "Stdin handler" [_thread_blocked, id=880, stack(0x000000001cbb0000,0x000000001ccb0000)]
  0x0000000021d53800 JavaThread "Asynchronous log dispatcher for DefaultDaemonConnection: socket connection from /127.0.0.1:56135 to /127.0.0.1:61194" [_thread_blocked, id=5332, stack(0x000000001c770000,0x000000001c870000)]
  0x0000000021d4f800 JavaThread "Daemon worker Thread 7" [_thread_blocked, id=7148, stack(0x000000001c670000,0x000000001c770000)]
  0x0000000021d52800 JavaThread "Cancel handler" [_thread_blocked, id=2928, stack(0x00000000010f0000,0x00000000011f0000)]
  0x0000000021d45000 JavaThread "Handler for socket connection from /127.0.0.1:56135 to /127.0.0.1:61194" [_thread_in_native, id=6120, stack(0x0000000000ff0000,0x00000000010f0000)]
  0x0000000021d4c000 JavaThread "Daemon Thread 7" [_thread_blocked, id=6940, stack(0x0000000000ef0000,0x0000000000ff0000)]
  0x0000000021af2800 JavaThread "Cache worker for Java compile cache (C:\Users\Akash\.gradle\caches\6.5\javaCompile)" [_thread_blocked, id=7432, stack(0x000000002bc50000,0x000000002bd50000)]
  0x000000001a33f000 JavaThread "Memory manager" [_thread_blocked, id=4112, stack(0x000000002a4b0000,0x000000002a5b0000)]
  0x000000001f12a800 JavaThread "Cache worker for file content cache (C:\Users\Akash\.gradle\caches\6.5\fileContent)" [_thread_blocked, id=1648, stack(0x00000000210f0000,0x00000000211f0000)]
  0x000000001f12b800 JavaThread "Cache worker for execution history cache (C:\Users\Akash\.gradle\caches\6.5\executionHistory)" [_thread_blocked, id=6092, stack(0x0000000020bf0000,0x0000000020cf0000)]
  0x000000001b6bc000 JavaThread "Cache worker for file hash cache (C:\Users\Akash\.gradle\caches\6.5\fileHashes)" [_thread_blocked, id=1008, stack(0x000000001ec40000,0x000000001ed40000)]
  0x000000001b6b9800 JavaThread "File lock request listener" [_thread_in_native, id=6572, stack(0x000000001d7b0000,0x000000001d8b0000)]
  0x000000001b6bb000 JavaThread "Cache worker for journal cache (C:\Users\Akash\.gradle\caches\journal-1)" [_thread_blocked, id=8284, stack(0x000000001d6b0000,0x000000001d7b0000)]
  0x000000001b304000 JavaThread "Daemon periodic checks" [_thread_blocked, id=4272, stack(0x000000001cab0000,0x000000001cbb0000)]
  0x000000001b2ad800 JavaThread "Incoming local TCP Connector on port 56135" [_thread_in_native, id=7720, stack(0x000000001c870000,0x000000001c970000)]
  0x000000001b23d800 JavaThread "Daemon health stats" [_thread_blocked, id=1116, stack(0x000000001c230000,0x000000001c330000)]
  0x00000000192c8800 JavaThread "Service Thread" daemon [_thread_blocked, id=3736, stack(0x0000000019690000,0x0000000019790000)]
  0x0000000017958000 JavaThread "C1 CompilerThread2" daemon [_thread_blocked, id=6372, stack(0x0000000019190000,0x0000000019290000)]
  0x000000001794a800 JavaThread "C2 CompilerThread1" daemon [_thread_blocked, id=4144, stack(0x0000000019090000,0x0000000019190000)]
  0x0000000017941800 JavaThread "C2 CompilerThread0" daemon [_thread_blocked, id=2892, stack(0x0000000018f90000,0x0000000019090000)]
  0x0000000017941000 JavaThread "Attach Listener" daemon [_thread_blocked, id=4204, stack(0x0000000018e90000,0x0000000018f90000)]
  0x0000000017945800 JavaThread "Signal Dispatcher" daemon [_thread_blocked, id=8372, stack(0x0000000018d90000,0x0000000018e90000)]
  0x0000000002d1b000 JavaThread "Finalizer" daemon [_thread_blocked, id=8792, stack(0x0000000018b90000,0x0000000018c90000)]
  0x0000000002d12000 JavaThread "Reference Handler" daemon [_thread_blocked, id=1688, stack(0x0000000018a90000,0x0000000018b90000)]
  0x0000000002b1d800 JavaThread "main" [_thread_blocked, id=8136, stack(0x0000000002b20000,0x0000000002c20000)]

Other Threads:
  0x0000000017907000 VMThread [stack: 0x0000000018990000,0x0000000018a90000] [id=8704]
  0x000000001799d800 WatcherThread [stack: 0x0000000019790000,0x0000000019890000] [id=5440]

=>0x0000000002c38800 (exited) GCTaskThread [stack: 0x00000000128a0000,0x00000000129a0000] [id=8824]

VM state:at safepoint (normal execution)

VM Mutex/Monitor currently owned by a thread:  ([mutex/lock_event])
[0x0000000002b1c430] Threads_lock - owner thread: 0x0000000017907000
[0x0000000002b1cbb0] Heap_lock - owner thread: 0x0000000021d4f800

heap address: 0x0000000080000000, size: 2048 MB, Compressed Oops mode: 32-bit
Narrow klass base: 0x0000000000000000, Narrow klass shift: 3
Compressed class space size: 1073741824 Address: 0x0000000100000000

Heap:
 PSYoungGen      total 537088K, used 83967K [0x00000000d5580000, 0x0000000100000000, 0x0000000100000000)
  eden space 453120K, 0% used [0x00000000d5580000,0x00000000d5580000,0x00000000f1000000)
  from space 83968K, 99% used [0x00000000fad00000,0x00000000ffeffcf0,0x00000000fff00000)
  to   space 122880K, 0% used [0x00000000f1000000,0x00000000f1000000,0x00000000f8800000)
 ParOldGen       total 314880K, used 276964K [0x0000000080000000, 0x0000000093380000, 0x00000000d5580000)
  object space 314880K, 87% used [0x0000000080000000,0x0000000090e79010,0x0000000093380000)
 Metaspace       used 177462K, capacity 185980K, committed 186280K, reserved 1212416K
  class space    used 21500K, capacity 23098K, committed 23208K, reserved 1048576K

Card table byte_map: [0x00000000120e0000,0x00000000124f0000] byte_map_base: 0x0000000011ce0000

Marking Bits: (ParMarkBitMap*) 0x00000000549cf030
 Begin Bits: [0x0000000012ba0000, 0x0000000014ba0000)
 End Bits:   [0x0000000014ba0000, 0x0000000016ba0000)

Polling page: 0x00000000029f0000

CodeCache: size=245760Kb used=110793Kb max_used=110820Kb free=134966Kb
 bounds [0x0000000002d20000, 0x00000000099f0000, 0x0000000011d20000]
 total_blobs=30164 nmethods=29202 adapters=871
 compilation: enabled

Compilation events (10 events):
Event: 3932.796 Thread 0x0000000017958000 40649       3       com.google.gson.TypeAdapter::<init> (5 bytes)
Event: 3932.796 Thread 0x0000000017958000 nmethod 40649 0x00000000099b5e10 code [0x00000000099b5f60, 0x00000000099b6110]
Event: 3932.796 Thread 0x0000000017958000 40650       3       com.google.gson.internal.Excluder::excludeClassInStrategy (64 bytes)
Event: 3932.796 Thread 0x0000000017958000 nmethod 40650 0x00000000099b5250 code [0x00000000099b5420, 0x00000000099b5af8]
Event: 3932.797 Thread 0x0000000017958000 40659       3       org.apache.xerces.util.AugmentationsImpl::<init> (16 bytes)
Event: 3932.798 Thread 0x0000000017958000 nmethod 40659 0x00000000099dae10 code [0x00000000099daf80, 0x00000000099db350]
Event: 3932.798 Thread 0x0000000017958000 40660       3       org.apache.xerces.util.AugmentationsImpl$SmallContainer::<init> (19 bytes)
Event: 3932.798 Thread 0x0000000017958000 nmethod 40660 0x00000000099db510 code [0x00000000099db680, 0x00000000099db930]
Event: 3933.154 Thread 0x000000001794a800 40661       4       android.databinding.tool.reflection.SdkUtil$ApiChecker::buildFullLookup (252 bytes)
Event: 3933.525 Thread 0x000000001794a800 nmethod 40661 0x00000000099e2750 code [0x00000000099e2c80, 0x00000000099e6bf0]

GC Heap History (10 events):
Event: 1550.183 GC heap after
Heap after GC invocations=88 (full 8):
 PSYoungGen      total 607232K, used 17797K [0x00000000d5580000, 0x00000000ff600000, 0x0000000100000000)
  eden space 535040K, 0% used [0x00000000d5580000,0x00000000d5580000,0x00000000f6000000)
  from space 72192K, 24% used [0x00000000faf80000,0x00000000fc0e17a0,0x00000000ff600000)
  to   space 76800K, 0% used [0x00000000f6000000,0x00000000f6000000,0x00000000fab00000)
 ParOldGen       total 314880K, used 169534K [0x0000000080000000, 0x0000000093380000, 0x00000000d5580000)
  object space 314880K, 53% used [0x0000000080000000,0x000000008a58f998,0x0000000093380000)
 Metaspace       used 154253K, capacity 161980K, committed 162216K, reserved 1191936K
  class space    used 18846K, capacity 20246K, committed 20392K, reserved 1048576K
}
Event: 1560.231 GC heap before
{Heap before GC invocations=89 (full 8):
 PSYoungGen      total 607232K, used 552837K [0x00000000d5580000, 0x00000000ff600000, 0x0000000100000000)
  eden space 535040K, 100% used [0x00000000d5580000,0x00000000f6000000,0x00000000f6000000)
  from space 72192K, 24% used [0x00000000faf80000,0x00000000fc0e17a0,0x00000000ff600000)
  to   space 76800K, 0% used [0x00000000f6000000,0x00000000f6000000,0x00000000fab00000)
 ParOldGen       total 314880K, used 169534K [0x0000000080000000, 0x0000000093380000, 0x00000000d5580000)
  object space 314880K, 53% used [0x0000000080000000,0x000000008a58f998,0x0000000093380000)
 Metaspace       used 161894K, capacity 169776K, committed 169896K, reserved 1198080K
  class space    used 19713K, capacity 21156K, committed 21160K, reserved 1048576K
Event: 1560.508 GC heap after
Heap after GC invocations=89 (full 8):
 PSYoungGen      total 611840K, used 54262K [0x00000000d5580000, 0x0000000100000000, 0x0000000100000000)
  eden space 535040K, 0% used [0x00000000d5580000,0x00000000d5580000,0x00000000f6000000)
  from space 76800K, 70% used [0x00000000f6000000,0x00000000f94fd8f0,0x00000000fab00000)
  to   space 81920K, 0% used [0x00000000fb000000,0x00000000fb000000,0x0000000100000000)
 ParOldGen       total 314880K, used 184393K [0x0000000080000000, 0x0000000093380000, 0x00000000d5580000)
  object space 314880K, 58% used [0x0000000080000000,0x000000008b4125f0,0x0000000093380000)
 Metaspace       used 161894K, capacity 169776K, committed 169896K, reserved 1198080K
  class space    used 19713K, capacity 21156K, committed 21160K, reserved 1048576K
}
Event: 1593.560 GC heap before
{Heap before GC invocations=90 (full 8):
 PSYoungGen      total 611840K, used 589302K [0x00000000d5580000, 0x0000000100000000, 0x0000000100000000)
  eden space 535040K, 100% used [0x00000000d5580000,0x00000000f6000000,0x00000000f6000000)
  from space 76800K, 70% used [0x00000000f6000000,0x00000000f94fd8f0,0x00000000fab00000)
  to   space 81920K, 0% used [0x00000000fb000000,0x00000000fb000000,0x0000000100000000)
 ParOldGen       total 314880K, used 184393K [0x0000000080000000, 0x0000000093380000, 0x00000000d5580000)
  object space 314880K, 58% used [0x0000000080000000,0x000000008b4125f0,0x0000000093380000)
 Metaspace       used 164088K, capacity 172296K, committed 172584K, reserved 1200128K
  class space    used 19952K, capacity 21470K, committed 21544K, reserved 1048576K
Event: 1593.847 GC heap after
Heap after GC invocations=90 (full 8):
 PSYoungGen      total 606720K, used 58004K [0x00000000d5580000, 0x0000000100000000, 0x0000000100000000)
  eden space 524800K, 0% used [0x00000000d5580000,0x00000000d5580000,0x00000000f5600000)
  from space 81920K, 70% used [0x00000000fb000000,0x00000000fe8a53b8,0x0000000100000000)
  to   space 87040K, 0% used [0x00000000f5600000,0x00000000f5600000,0x00000000fab00000)
 ParOldGen       total 314880K, used 193154K [0x0000000080000000, 0x0000000093380000, 0x00000000d5580000)
  object space 314880K, 61% used [0x0000000080000000,0x000000008bca0890,0x0000000093380000)
 Metaspace       used 164088K, capacity 172296K, committed 172584K, reserved 1200128K
  class space    used 19952K, capacity 21470K, committed 21544K, reserved 1048576K
}
Event: 1602.847 GC heap before
{Heap before GC invocations=91 (full 8):
 PSYoungGen      total 606720K, used 582804K [0x00000000d5580000, 0x0000000100000000, 0x0000000100000000)
  eden space 524800K, 100% used [0x00000000d5580000,0x00000000f5600000,0x00000000f5600000)
  from space 81920K, 70% used [0x00000000fb000000,0x00000000fe8a53b8,0x0000000100000000)
  to   space 87040K, 0% used [0x00000000f5600000,0x00000000f5600000,0x00000000fab00000)
 ParOldGen       total 314880K, used 193154K [0x0000000080000000, 0x0000000093380000, 0x00000000d5580000)
  object space 314880K, 61% used [0x0000000080000000,0x000000008bca0890,0x0000000093380000)
 Metaspace       used 169810K, capacity 178142K, committed 178472K, reserved 1206272K
  class space    used 20634K, capacity 22191K, committed 22312K, reserved 1048576K
Event: 1602.952 GC heap after
Heap after GC invocations=91 (full 8):
 PSYoungGen      total 611840K, used 18194K [0x00000000d5580000, 0x00000000fff00000, 0x0000000100000000)
  eden space 524800K, 0% used [0x00000000d5580000,0x00000000d5580000,0x00000000f5600000)
  from space 87040K, 20% used [0x00000000f5600000,0x00000000f67c49e8,0x00000000fab00000)
  to   space 83968K, 0% used [0x00000000fad00000,0x00000000fad00000,0x00000000fff00000)
 ParOldGen       total 314880K, used 210029K [0x0000000080000000, 0x0000000093380000, 0x00000000d5580000)
  object space 314880K, 66% used [0x0000000080000000,0x000000008cd1b538,0x0000000093380000)
 Metaspace       used 169810K, capacity 178142K, committed 178472K, reserved 1206272K
  class space    used 20634K, capacity 22191K, committed 22312K, reserved 1048576K
}
Event: 3933.662 GC heap before
{Heap before GC invocations=92 (full 8):
 PSYoungGen      total 611840K, used 542994K [0x00000000d5580000, 0x00000000fff00000, 0x0000000100000000)
  eden space 524800K, 100% used [0x00000000d5580000,0x00000000f5600000,0x00000000f5600000)
  from space 87040K, 20% used [0x00000000f5600000,0x00000000f67c49e8,0x00000000fab00000)
  to   space 83968K, 0% used [0x00000000fad00000,0x00000000fad00000,0x00000000fff00000)
 ParOldGen       total 314880K, used 210029K [0x0000000080000000, 0x0000000093380000, 0x00000000d5580000)
  object space 314880K, 66% used [0x0000000080000000,0x000000008cd1b538,0x0000000093380000)
 Metaspace       used 177462K, capacity 185980K, committed 186280K, reserved 1212416K
  class space    used 21500K, capacity 23098K, committed 23208K, reserved 1048576K
Event: 3935.382 GC heap after
Heap after GC invocations=92 (full 8):
 PSYoungGen      total 537088K, used 83967K [0x00000000d5580000, 0x0000000100000000, 0x0000000100000000)
  eden space 453120K, 0% used [0x00000000d5580000,0x00000000d5580000,0x00000000f1000000)
  from space 83968K, 99% used [0x00000000fad00000,0x00000000ffeffcf0,0x00000000fff00000)
  to   space 122880K, 0% used [0x00000000f1000000,0x00000000f1000000,0x00000000f8800000)
 ParOldGen       total 314880K, used 276964K [0x0000000080000000, 0x0000000093380000, 0x00000000d5580000)
  object space 314880K, 87% used [0x0000000080000000,0x0000000090e79010,0x0000000093380000)
 Metaspace       used 177462K, capacity 185980K, committed 186280K, reserved 1212416K
  class space    used 21500K, capacity 23098K, committed 23208K, reserved 1048576K
}
Event: 3935.398 GC heap before
{Heap before GC invocations=93 (full 9):
 PSYoungGen      total 537088K, used 83967K [0x00000000d5580000, 0x0000000100000000, 0x0000000100000000)
  eden space 453120K, 0% used [0x00000000d5580000,0x00000000d5580000,0x00000000f1000000)
  from space 83968K, 99% used [0x00000000fad00000,0x00000000ffeffcf0,0x00000000fff00000)
  to   space 122880K, 0% used [0x00000000f1000000,0x00000000f1000000,0x00000000f8800000)
 ParOldGen       total 314880K, used 276964K [0x0000000080000000, 0x0000000093380000, 0x00000000d5580000)
  object space 314880K, 87% used [0x0000000080000000,0x0000000090e79010,0x0000000093380000)
 Metaspace       used 177462K, capacity 185980K, committed 186280K, reserved 1212416K
  class space    used 21500K, capacity 23098K, committed 23208K, reserved 1048576K

Deoptimization events (10 events):
Event: 3928.934 Thread 0x0000000021d4f800 Uncommon trap: reason=unstable_if action=reinterpret pc=0x0000000005a8c1d8 method=com.sun.tools.javac.comp.Check.checkFlags(Lcom/sun/tools/javac/util/JCDiagnostic$DiagnosticPosition;JLcom/sun/tools/javac/code/Symbol;Lcom/sun/tools/javac/tree/JCTree;)J @ 4
Event: 3929.176 Thread 0x0000000021d4f800 Uncommon trap: reason=bimorphic action=maybe_recompile pc=0x0000000007686de4 method=com.sun.tools.javac.comp.Attr.visitIdent(Lcom/sun/tools/javac/tree/JCTree$JCIdent;)V @ 228
Event: 3929.177 Thread 0x0000000021d4f800 Uncommon trap: reason=bimorphic action=maybe_recompile pc=0x0000000007686de4 method=com.sun.tools.javac.comp.Attr.visitIdent(Lcom/sun/tools/javac/tree/JCTree$JCIdent;)V @ 228
Event: 3929.177 Thread 0x0000000021d4f800 Uncommon trap: reason=bimorphic action=maybe_recompile pc=0x0000000007686de4 method=com.sun.tools.javac.comp.Attr.visitIdent(Lcom/sun/tools/javac/tree/JCTree$JCIdent;)V @ 228
Event: 3930.294 Thread 0x0000000021d4f800 Uncommon trap: reason=unstable_if action=reinterpret pc=0x00000000040c2608 method=com.google.gson.stream.JsonReader.nextNonWhitespace(Z)I @ 61
Event: 3932.157 Thread 0x0000000021d4f800 Uncommon trap: reason=unstable_if action=reinterpret pc=0x0000000004dc6308 method=kotlin.jvm.internal.Intrinsics.areEqual(Ljava/lang/Object;Ljava/lang/Object;)Z @ 5
Event: 3932.630 Thread 0x0000000021d4f800 Uncommon trap: reason=bimorphic action=maybe_recompile pc=0x0000000007686de4 method=com.sun.tools.javac.comp.Attr.visitIdent(Lcom/sun/tools/javac/tree/JCTree$JCIdent;)V @ 228
Event: 3932.701 Thread 0x0000000021d4f800 Uncommon trap: reason=unstable_if action=reinterpret pc=0x00000000058c17a0 method=com.sun.tools.javac.comp.Resolve.findIdentInPackage(Lcom/sun/tools/javac/comp/Env;Lcom/sun/tools/javac/code/Symbol$TypeSymbol;Lcom/sun/tools/javac/util/Name;I)Lcom/sun/tools
Event: 3932.705 Thread 0x0000000021d4f800 Uncommon trap: reason=unstable_if action=reinterpret pc=0x0000000005a93e88 method=com.sun.tools.javac.comp.Attr.visitSelect(Lcom/sun/tools/javac/tree/JCTree$JCFieldAccess;)V @ 1000
Event: 3932.705 Thread 0x0000000021d4f800 Uncommon trap: reason=unstable_if action=reinterpret pc=0x00000000049428c0 method=com.sun.tools.javac.comp.MemberEnter.importNamed(Lcom/sun/tools/javac/util/JCDiagnostic$DiagnosticPosition;Lcom/sun/tools/javac/code/Symbol;Lcom/sun/tools/javac/comp/Env;)V 

Classes redefined (0 events):
No events

Internal exceptions (10 events):
Event: 3929.294 Thread 0x0000000021d4f800 Exception <a 'java/security/PrivilegedActionException'> (0x00000000e7e7b7b0) thrown at [C:\src\AOSP-openjdk-git\hotspot\src\share\vm\prims\jvm.cpp, line 1502]
Event: 3929.294 Thread 0x0000000021d4f800 Exception <a 'java/security/PrivilegedActionException'> (0x00000000e7e7ec28) thrown at [C:\src\AOSP-openjdk-git\hotspot\src\share\vm\prims\jvm.cpp, line 1502]
Event: 3929.294 Thread 0x0000000021d4f800 Exception <a 'java/security/PrivilegedActionException'> (0x00000000e7e7fd78) thrown at [C:\src\AOSP-openjdk-git\hotspot\src\share\vm\prims\jvm.cpp, line 1502]
Event: 3929.294 Thread 0x0000000021d4f800 Exception <a 'java/security/PrivilegedActionException'> (0x00000000e7e83008) thrown at [C:\src\AOSP-openjdk-git\hotspot\src\share\vm\prims\jvm.cpp, line 1502]
Event: 3929.294 Thread 0x0000000021d4f800 Exception <a 'java/security/PrivilegedActionException'> (0x00000000e7e84158) thrown at [C:\src\AOSP-openjdk-git\hotspot\src\share\vm\prims\jvm.cpp, line 1502]
Event: 3929.295 Thread 0x0000000021d4f800 Exception <a 'java/security/PrivilegedActionException'> (0x00000000e7e874a0) thrown at [C:\src\AOSP-openjdk-git\hotspot\src\share\vm\prims\jvm.cpp, line 1502]
Event: 3929.295 Thread 0x0000000021d4f800 Exception <a 'java/security/PrivilegedActionException'> (0x00000000e7e88650) thrown at [C:\src\AOSP-openjdk-git\hotspot\src\share\vm\prims\jvm.cpp, line 1502]
Event: 3929.295 Thread 0x0000000021d4f800 Exception <a 'java/security/PrivilegedActionException'> (0x00000000e7e8ba88) thrown at [C:\src\AOSP-openjdk-git\hotspot\src\share\vm\prims\jvm.cpp, line 1502]
Event: 3929.295 Thread 0x0000000021d4f800 Exception <a 'java/security/PrivilegedActionException'> (0x00000000e7e8cbd8) thrown at [C:\src\AOSP-openjdk-git\hotspot\src\share\vm\prims\jvm.cpp, line 1502]
Event: 3930.793 Thread 0x0000000021d4f800 Exception <a 'java/lang/NullPointerException'> (0x00000000ed021508) thrown at [C:\src\AOSP-openjdk-git\hotspot\src\share\vm\interpreter\linkResolver.cpp, line 1287]

Events (10 events):
Event: 3932.705 Thread 0x0000000021d4f800 DEOPT PACKING pc=0x0000000005a93e88 sp=0x000000001c7688a0
Event: 3932.705 Thread 0x0000000021d4f800 DEOPT UNPACKING pc=0x0000000002d6557b sp=0x000000001c768868 mode 2
Event: 3932.705 Thread 0x0000000021d4f800 Uncommon trap: trap_request=0xffffff65 fr.pc=0x00000000049428c0
Event: 3932.705 Thread 0x0000000021d4f800 DEOPT PACKING pc=0x00000000049428c0 sp=0x000000001c768940
Event: 3932.705 Thread 0x0000000021d4f800 DEOPT UNPACKING pc=0x0000000002d6557b sp=0x000000001c768888 mode 2
Event: 3932.746 loading class com/sun/tools/javac/processing/JavacProcessingEnvironment$2
Event: 3932.746 loading class com/sun/tools/javac/processing/JavacProcessingEnvironment$2 done
Event: 3933.155 Thread 0x0000000021d4f800 DEOPT PACKING pc=0x000000000589b1b6 sp=0x000000001c7685a0
Event: 3933.155 Thread 0x0000000021d4f800 DEOPT UNPACKING pc=0x0000000002d675d0 sp=0x000000001c768330 mode 0
Event: 3933.661 Executing VM operation: ParallelGCFailedAllocation


Dynamic libraries:
0x00007ff78c060000 - 0x00007ff78c091000 	D:\Android_studio_folders\jre\bin\java.exe
0x00007ffee6440000 - 0x00007ffee6630000 	C:\Windows\SYSTEM32\ntdll.dll
0x00007ffee4c80000 - 0x00007ffee4d32000 	C:\Windows\System32\KERNEL32.DLL
0x00007ffee3e00000 - 0x00007ffee40a5000 	C:\Windows\System32\KERNELBASE.dll
0x00007ffee4b00000 - 0x00007ffee4ba3000 	C:\Windows\System32\ADVAPI32.dll
0x00007ffee6360000 - 0x00007ffee63fe000 	C:\Windows\System32\msvcrt.dll
0x00007ffee5400000 - 0x00007ffee5497000 	C:\Windows\System32\sechost.dll
0x00007ffee4d40000 - 0x00007ffee4e5f000 	C:\Windows\System32\RPCRT4.dll
0x00007ffee5900000 - 0x00007ffee5a94000 	C:\Windows\System32\USER32.dll
0x00007ffee3510000 - 0x00007ffee3531000 	C:\Windows\System32\win32u.dll
0x00007ffee4580000 - 0x00007ffee45a6000 	C:\Windows\System32\GDI32.dll
0x00007ffee40b0000 - 0x00007ffee4248000 	C:\Windows\System32\gdi32full.dll
0x00007ffee3540000 - 0x00007ffee35de000 	C:\Windows\System32\msvcp_win.dll
0x00007ffee42b0000 - 0x00007ffee43aa000 	C:\Windows\System32\ucrtbase.dll
0x00007ffee2770000 - 0x00007ffee29f4000 	C:\Windows\WinSxS\amd64_microsoft.windows.common-controls_6595b64144ccf1df_6.0.18362.1440_none_9e7dbfb9e45e8e67\COMCTL32.dll
0x00007ffee4620000 - 0x00007ffee4956000 	C:\Windows\System32\combase.dll
0x00007ffee43b0000 - 0x00007ffee4431000 	C:\Windows\System32\bcryptPrimitives.dll
0x00007ffee5b50000 - 0x00007ffee5b7e000 	C:\Windows\System32\IMM32.DLL
0x0000000054120000 - 0x00000000541f2000 	D:\Android_studio_folders\jre\jre\bin\msvcr100.dll
0x0000000054200000 - 0x0000000054a4b000 	D:\Android_studio_folders\jre\jre\bin\server\jvm.dll
0x00007ffee4570000 - 0x00007ffee4578000 	C:\Windows\System32\PSAPI.DLL
0x00007ffedf280000 - 0x00007ffedf2a4000 	C:\Windows\SYSTEM32\WINMM.dll
0x00007ffed5830000 - 0x00007ffed583a000 	C:\Windows\SYSTEM32\VERSION.dll
0x00007ffee1850000 - 0x00007ffee1859000 	C:\Windows\SYSTEM32\WSOCK32.dll
0x00007ffee5b80000 - 0x00007ffee5bef000 	C:\Windows\System32\WS2_32.dll
0x00007ffedf250000 - 0x00007ffedf27d000 	C:\Windows\SYSTEM32\winmmbase.dll
0x00007ffee35e0000 - 0x00007ffee362a000 	C:\Windows\System32\cfgmgr32.dll
0x00007ffee1840000 - 0x00007ffee184f000 	D:\Android_studio_folders\jre\jre\bin\verify.dll
0x00007ffedef30000 - 0x00007ffedef59000 	D:\Android_studio_folders\jre\jre\bin\java.dll
0x00007ffedc590000 - 0x00007ffedc5a6000 	D:\Android_studio_folders\jre\jre\bin\zip.dll
0x00007ffee5c10000 - 0x00007ffee62f8000 	C:\Windows\System32\SHELL32.dll
0x00007ffee5aa0000 - 0x00007ffee5b47000 	C:\Windows\System32\shcore.dll
0x00007ffee3680000 - 0x00007ffee3dfb000 	C:\Windows\System32\windows.storage.dll
0x00007ffee3390000 - 0x00007ffee33ae000 	C:\Windows\System32\profapi.dll
0x00007ffee3320000 - 0x00007ffee336a000 	C:\Windows\System32\powrprof.dll
0x00007ffee32f0000 - 0x00007ffee3300000 	C:\Windows\System32\UMPDC.dll
0x00007ffee4a20000 - 0x00007ffee4a72000 	C:\Windows\System32\shlwapi.dll
0x00007ffee3300000 - 0x00007ffee3311000 	C:\Windows\System32\kernel.appcore.dll
0x00007ffee3660000 - 0x00007ffee3677000 	C:\Windows\System32\cryptsp.dll
0x00007ffedc570000 - 0x00007ffedc58a000 	D:\Android_studio_folders\jre\jre\bin\net.dll
0x00007ffee23e0000 - 0x00007ffee2447000 	C:\Windows\system32\mswsock.dll
0x00007ffedb700000 - 0x00007ffedb713000 	D:\Android_studio_folders\jre\jre\bin\nio.dll
0x00007ffed1d20000 - 0x00007ffed1d47000 	C:\Users\Akash\.gradle\native\f6784746aeab05261644944871eae4fe03e0ef1612fff0a4a95f87b438bc6780\windows-amd64\native-platform.dll
0x00007ffedf2b0000 - 0x00007ffedf2bd000 	D:\Android_studio_folders\jre\jre\bin\management.dll
0x00007ffee1fd0000 - 0x00007ffee2003000 	C:\Windows\system32\rsaenh.dll
0x00007ffee3630000 - 0x00007ffee3656000 	C:\Windows\System32\bcrypt.dll
0x00007ffee3210000 - 0x00007ffee3235000 	C:\Windows\SYSTEM32\USERENV.dll
0x00007ffee2600000 - 0x00007ffee260c000 	C:\Windows\SYSTEM32\CRYPTBASE.dll
0x00007ffee2160000 - 0x00007ffee219a000 	C:\Windows\SYSTEM32\IPHLPAPI.DLL
0x00007ffee58f0000 - 0x00007ffee58f8000 	C:\Windows\System32\NSI.dll
0x00007ffedc5b0000 - 0x00007ffedc5c6000 	C:\Windows\SYSTEM32\dhcpcsvc6.DLL
0x00007ffedcb40000 - 0x00007ffedcb5c000 	C:\Windows\SYSTEM32\dhcpcsvc.DLL
0x00007ffee21a0000 - 0x00007ffee226b000 	C:\Windows\SYSTEM32\DNSAPI.dll
0x00007ffedcc30000 - 0x00007ffedcc3b000 	C:\Windows\SYSTEM32\WINNSI.DLL
0x00007ffed0120000 - 0x00007ffed0144000 	D:\Android_studio_folders\jre\jre\bin\sunec.dll
0x00007ffed6ca0000 - 0x00007ffed6caa000 	C:\Windows\System32\rasadhlp.dll
0x00007ffedbbe0000 - 0x00007ffedbc57000 	C:\Windows\System32\fwpuclnt.dll
0x00007ffed1d50000 - 0x00007ffed1d5b000 	D:\Android_studio_folders\jre\jre\bin\sunmscapi.dll
0x00007ffee33b0000 - 0x00007ffee3501000 	C:\Windows\System32\CRYPT32.dll
0x00007ffee3370000 - 0x00007ffee3382000 	C:\Windows\System32\MSASN1.dll
0x00007ffee3090000 - 0x00007ffee30c1000 	C:\Windows\SYSTEM32\ntmarta.dll
0x00007ffee2d30000 - 0x00007ffee2f24000 	C:\Windows\SYSTEM32\dbghelp.dll

VM Arguments:
jvm_args: -Xmx2048m -Dfile.encoding=UTF-8 -Duser.country=US -Duser.language=en -Duser.variant 
java_command: org.gradle.launcher.daemon.bootstrap.GradleDaemon 6.5
java_class_path (initial): C:\Users\Akash\.gradle\wrapper\dists\gradle-6.5-all\2oz4ud9k3tuxjg84bbf55q0tn\gradle-6.5\lib\gradle-launcher-6.5.jar
Launcher Type: SUN_STANDARD

Environment Variables:
PATH=C:\Python39\Scripts\;C:\Python39\;C:\Program Files (x86)\Common Files\Oracle\Java\javapath;C:\Program Files\Common Files\Oracle\Java\javapath;C:\Windows\system32;C:\Windows;C:\Windows\System32\Wbem;C:\Windows\System32\WindowsPowerShell\v1.0\;C:\Windows\System32\OpenSSH\;C:\Program Files\nodejs\;C:\ProgramData\chocolatey\bin;C:\Program Files\Git\cmd;D:\flutter_windows_2.2.1-stable\flutter\bin;;D:\Git LFS;C:\Program Files\Java\jdk1.8.0_271\bin;C:\Users\Akash\AppData\Roaming\npm;D:\Visual_Studio\visual_installation_folder\bin;C:\Users\Akash\AppData\Local\gitkraken\bin
USERNAME=Akash
OS=Windows_NT
PROCESSOR_IDENTIFIER=Intel64 Family 6 Model 60 Stepping 3, GenuineIntel



---------------  S Y S T E M  ---------------

OS: Windows 10.0 , 64 bit Build 18362 (10.0.18362.1350)

CPU:total 4 (initial active 4) (2 cores per cpu, 2 threads per core) family 6 model 60 stepping 3, cmov, cx8, fxsr, mmx, sse, sse2, sse3, ssse3, sse4.1, sse4.2, popcnt, avx, avx2, aes, clmul, erms, lzcnt, ht, tsc, tscinvbit, bmi1, bmi2

Memory: 4k page, physical 3860244k(322456k free), swap 9103124k(2042908k free)

vm_info: OpenJDK 64-Bit Server VM (25.242-b01) for windows-amd64 JRE (1.8.0_242-release-1644-b01), built by "builder" with MS VC++ 10.0 (VS2010)

time: Mon Jun 14 15:25:32 2021
timezone: India Standard Time
elapsed time: 3936 seconds (0d 1h 5m 36s)

